<?xml version="1.0" encoding="UTF-8"?>
<testng-results ignored="0" total="1" passed="1" failed="0" skipped="0">
  <reporter-output>
  </reporter-output>
  <suite started-at="2022-11-08T13:29:14 IST" name="Default suite" finished-at="2022-11-08T13:29:27 IST" duration-ms="13183">
    <groups>
    </groups>
    <test started-at="2022-11-08T13:29:14 IST" name="Default test" finished-at="2022-11-08T13:29:27 IST" duration-ms="13183">
      <class name="logintest.Dshop_test">
        <test-method signature="Register1()[pri:0, instance:logintest.Dshop_test@21de60b4]" started-at="2022-11-08T13:29:14 IST" name="Register1" finished-at="2022-11-08T13:29:27 IST" duration-ms="13114" status="PASS">
          <reporter-output>
          </reporter-output>
        </test-method> <!-- Register1 -->
      </class> <!-- logintest.Dshop_test -->
    </test> <!-- Default test -->
  </suite> <!-- Default suite -->
</testng-results>
